[INFO ] 2022-09-01 08:40:50.767 [main] MonsterManualAPI - Logger initialized.
[INFO ] 2022-09-01 08:41:59.908 [main] MonsterManualAPI - Logger initialized.
[INFO ] 2022-09-01 08:43:43.036 [main] MonsterManualAPI - Logger initialized.
[INFO ] 2022-09-01 08:46:43.635 [main] MonsterManualAPI - Logger initialized.
[INFO ] 2022-09-01 08:55:45.776 [main] MonsterManualAPI - Logger initialized.
[INFO ] 2022-09-01 08:56:46.252 [main] MonsterManualAPI - Logger initialized.
[INFO ] 2022-09-01 08:59:33.486 [main] MonsterManualAPI - Logger initialized.
[INFO ] 2022-09-01 09:01:33.908 [main] MonsterManualAPI - Logger initialized.
[INFO ] 2022-09-01 09:06:52.247 [main] MonsterManualAPI - Logger initialized.
[INFO ] 2022-09-01 09:09:41.478 [main] MonsterManualAPI - test
[INFO ] 2022-09-01 09:11:21.922 [main] MonsterManualAPI - Logger initialized.
[INFO ] 2022-09-01 09:11:36.170 [main] MonsterManualAPI - test
[INFO ] 2022-09-01 09:15:41.373 [main] MonsterManualAPI - Logger initialized.
[INFO ] 2022-09-01 09:28:40.482 [main] MonsterManualAPI - Logger initialized.
[INFO ] 2022-09-01 09:32:24.112 [main] MonsterManualAPI - Logger initialized.
[INFO ] 2022-09-01 09:49:54.201 [main] MonsterManualAPI - Logger initialized.
[INFO ] 2022-09-01 09:52:13.374 [main] MonsterManualAPI - Logger initialized.
[INFO ] 2022-09-01 09:53:09.735 [main] MonsterManualAPI -
[INFO ] 2022-09-01 11:12:50.345 [main] MonsterManualAPI - Logger initialized.
[INFO ] 2022-09-01 11:16:04.781 [main] MonsterManualAPI - Logger initialized.
[INFO ] 2022-09-01 11:16:28.138 [main] MonsterManualAPI - Logger initialized.
[INFO ] 2022-09-01 11:20:34.242 [main] MonsterManualAPI - Logger initialized.
[INFO ] 2022-09-01 11:22:34.784 [main] MonsterManualAPI - Logger initialized.
[INFO ] 2022-09-01 11:26:16.769 [main] MonsterManualAPI - Logger initialized.
[INFO ] 2022-09-01 12:27:27.850 [main] MonsterManualAPI - Logger initialized.
[INFO ] 2022-09-01 12:30:08.988 [main] MonsterManualAPI - Logger initialized.
[INFO ] 2022-09-01 12:37:50.035 [main] MonsterManualAPI - Logger initialized.
[INFO ] 2022-09-01 12:52:39.116 [main] MonsterManualAPI - Logger initialized.
[INFO ] 2022-09-01 12:54:59.447 [main] MonsterManualAPI - Logger initialized.
[INFO ] 2022-09-01 13:02:20.163 [main] MonsterManualAPI - Logger initialized.
[INFO ] 2022-09-01 13:11:31.739 [main] MonsterManualAPI - Logger initialized.
[INFO ] 2022-09-01 14:36:42.284 [main] MonsterManualAPI - Logger initialized.
[INFO ] 2022-09-01 14:42:13.971 [main] MonsterManualAPI - Logger initialized.
[INFO ] 2022-09-01 19:32:48.912 [main] MonsterManualAPI - Logger initialized.
[INFO ] 2022-09-01 20:45:35.374 [main] MonsterManualAPI - Logger initialized.
[INFO ] 2022-09-01 20:52:48.388 [main] MonsterManualAPI - Logger initialized.
[INFO ] 2022-09-01 20:55:57.164 [main] MonsterManualAPI - Logger initialized.
[INFO ] 2022-09-01 20:56:42.541 [main] MonsterManualAPI - Logger initialized.
[INFO ] 2022-09-01 20:57:15.856 [main] MonsterManualAPI - Logger initialized.
[INFO ] 2022-09-01 20:58:58.807 [main] MonsterManualAPI - Rat King
[INFO ] 2022-09-01 21:01:57.050 [main] MonsterManualAPI - Ratatoui
